Using pre-set license
Built from '2020.2/release' branch; Version is '2020.2.2f1 (068178b99f32) revision 426360'; Using compiler version '192528614'; Build Type 'Release'
OS: 'Windows 10 Enterprise 2016 LTSB; OS build 14393.4283; Version 1607; 64bit' Language: 'ru' Physical Memory: 16365 MB
BatchMode: 1, IsHumanControllingUs: 0, StartBugReporterOnCrash: 0, Is64bit: 1, IsPro: 0

 COMMAND LINE ARGUMENTS:
C:\Program Files\Unity\Hub\Editor\2020.2.2f1\Editor\Unity.exe
-adb2
-batchMode
-noUpm
-name
AssetImportWorker0
-projectPath
P:/Unity_Asset/ijunior_baseLevel/07_2D_Platformer/07_2D_Platformer
-logFile
Logs/AssetImportWorker0.log
-srvPort
59518
Successfully changed project path to: P:/Unity_Asset/ijunior_baseLevel/07_2D_Platformer/07_2D_Platformer
P:/Unity_Asset/ijunior_baseLevel/07_2D_Platformer/07_2D_Platformer
Using Asset Import Pipeline V2.
Refreshing native plugins compatible for Editor in 53.28 ms, found 1 plugins.
Preloading 0 native plugins for Editor in 0.00 ms.
Initialize engine version: 2020.2.2f1 (068178b99f32)
[Subsystems] Discovering subsystems at path C:/Program Files/Unity/Hub/Editor/2020.2.2f1/Editor/Data/Resources/UnitySubsystems
[Subsystems] Discovering subsystems at path P:/Unity_Asset/ijunior_baseLevel/07_2D_Platformer/07_2D_Platformer/Assets
GfxDevice: creating device client; threaded=0
Direct3D:
    Version:  Direct3D 11.0 [level 11.1]
    Renderer: NVIDIA GeForce GTX 1070 (ID=0x1b81)
    Vendor:   
    VRAM:     8092 MB
    Driver:   27.21.14.6192
Initialize mono
Mono path[0] = 'C:/Program Files/Unity/Hub/Editor/2020.2.2f1/Editor/Data/Managed'
Mono path[1] = 'C:/Program Files/Unity/Hub/Editor/2020.2.2f1/Editor/Data/MonoBleedingEdge/lib/mono/unityjit'
Mono config path = 'C:/Program Files/Unity/Hub/Editor/2020.2.2f1/Editor/Data/MonoBleedingEdge/etc'
Using monoOptions --debugger-agent=transport=dt_socket,embedding=1,server=y,suspend=n,address=127.0.0.1:56388
Begin MonoManager ReloadAssembly
Registering precompiled unity dll's ...
Register platform support module: C:/Program Files/Unity/Hub/Editor/2020.2.2f1/Editor/Data/PlaybackEngines/WebGLSupport/UnityEditor.WebGL.Extensions.dll
Register platform support module: C:/Program Files/Unity/Hub/Editor/2020.2.2f1/Editor/Data/PlaybackEngines/WindowsStandaloneSupport/UnityEditor.WindowsStandalone.Extensions.dll
Registered in 0.003760 seconds.
Native extension for WindowsStandalone target not found
Native extension for WebGL target not found
Refreshing native plugins compatible for Editor in 50.18 ms, found 1 plugins.
Preloading 0 native plugins for Editor in 0.00 ms.
Invoked RoslynAnalysisRunner static constructor.
RoslynAnalysisRunner will not be running.
RoslynAnalysisRunner has terminated.
Mono: successfully reloaded assembly
- Completed reload, in  4.152 seconds
Platform modules already initialized, skipping
Registering precompiled user dll's ...
Registered in 0.001360 seconds.
Begin MonoManager ReloadAssembly
Native extension for WindowsStandalone target not found
Native extension for WebGL target not found
Refreshing native plugins compatible for Editor in 51.09 ms, found 1 plugins.
Preloading 0 native plugins for Editor in 0.00 ms.
Invoked RoslynAnalysisRunner static constructor.
RoslynAnalysisRunner will not be running.
RoslynAnalysisRunner has terminated.
Mono: successfully reloaded assembly
- Completed reload, in  1.279 seconds
Platform modules already initialized, skipping
========================================================================
Worker process is ready to serve import requests
Launched and connected shader compiler UnityShaderCompiler.exe after 0.07 seconds
Refreshing native plugins compatible for Editor in 0.44 ms, found 1 plugins.
Preloading 0 native plugins for Editor in 0.00 ms.
Unloading 1792 Unused Serialized files (Serialized files now loaded: 0)
System memory in use before: 84.2 MB.
System memory in use after: 84.3 MB.

Unloading 19 unused Assets to reduce memory usage. Loaded Objects now: 2238.
Total: 2.454684 ms (FindLiveObjects: 0.231449 ms CreateObjectMapping: 0.102366 ms MarkObjects: 2.015200 ms  DeleteObjects: 0.103867 ms)

========================================================================
Received Import Request.
  path: Assets/Robo/Robo.controller
  artifactKey: Guid(08d1f887f56fb17499b8734ea1744181) Importer(815301076,1909f56bfc062723c751e8b465ee728b)
Start importing Assets/Robo/Robo.controller using Guid(08d1f887f56fb17499b8734ea1744181) Importer(815301076,1909f56bfc062723c751e8b465ee728b)  -> (artifact id: 'e5a197d1e996b51ae98b4508cc7ab8b9') in 0.079470 seconds
  Import took 0.098871 seconds .

========================================================================
Received Import Request.
  Time since last request: 425.704976 seconds.
  path: Assets/Robo/RoboVer2_model_02_BakeAnimation.fbx
  artifactKey: Guid(ee8359ce6783650479b19e52c5ab0672) Importer(815301076,1909f56bfc062723c751e8b465ee728b)
Start importing Assets/Robo/RoboVer2_model_02_BakeAnimation.fbx using Guid(ee8359ce6783650479b19e52c5ab0672) Importer(815301076,1909f56bfc062723c751e8b465ee728b)  -> (artifact id: 'c9e0eac439641a1163e1489383fe5e0f') in 0.303148 seconds
  Import took 0.335380 seconds .

========================================================================
Received Prepare
Registering precompiled user dll's ...
Registered in 0.064059 seconds.
Begin MonoManager ReloadAssembly
Native extension for WindowsStandalone target not found
Native extension for WebGL target not found
Refreshing native plugins compatible for Editor in 0.47 ms, found 1 plugins.
Preloading 0 native plugins for Editor in 0.00 ms.
Invoked RoslynAnalysisRunner static constructor.
RoslynAnalysisRunner will not be running.
RoslynAnalysisRunner has terminated.
Mono: successfully reloaded assembly
- Completed reload, in  1.112 seconds
Platform modules already initialized, skipping
Refreshing native plugins compatible for Editor in 0.75 ms, found 1 plugins.
Preloading 0 native plugins for Editor in 0.00 ms.
Unloading 1782 Unused Serialized files (Serialized files now loaded: 0)
System memory in use before: 87.5 MB.
System memory in use after: 87.6 MB.

Unloading 7 unused Assets to reduce memory usage. Loaded Objects now: 2284.
Total: 2.776791 ms (FindLiveObjects: 0.187021 ms CreateObjectMapping: 0.075349 ms MarkObjects: 2.490707 ms  DeleteObjects: 0.022214 ms)

========================================================================
Received Import Request.
  Time since last request: 381.270571 seconds.
  path: Assets/Robo/RoboVer2_model_02_BakeAnimation.fbx
  artifactKey: Guid(ee8359ce6783650479b19e52c5ab0672) Importer(815301076,1909f56bfc062723c751e8b465ee728b)
Start importing Assets/Robo/RoboVer2_model_02_BakeAnimation.fbx using Guid(ee8359ce6783650479b19e52c5ab0672) Importer(815301076,1909f56bfc062723c751e8b465ee728b)  -> (artifact id: 'a16c7ba8add8ce684aeaefd579dd1dcf') in 0.195163 seconds
  Import took 0.223845 seconds .

========================================================================
Received Import Request.
  Time since last request: 100.389251 seconds.
  path: Assets/RoboVer2_model_02_BakeAnimation.fbx
  artifactKey: Guid(5fa2c7864768c864aad37d2acc1c6607) Importer(815301076,1909f56bfc062723c751e8b465ee728b)
Start importing Assets/RoboVer2_model_02_BakeAnimation.fbx using Guid(5fa2c7864768c864aad37d2acc1c6607) Importer(815301076,1909f56bfc062723c751e8b465ee728b)  -> (artifact id: '8900ac09a953f8dd90efd950ace34848') in 0.067483 seconds
  Import took 0.088132 seconds .

========================================================================
Received Import Request.
  Time since last request: 111.694880 seconds.
  path: Assets/Robo_Animator.controller
  artifactKey: Guid(cf701a0ec6c53de4e8ea0b043bf82a7d) Importer(815301076,1909f56bfc062723c751e8b465ee728b)
Start importing Assets/Robo_Animator.controller using Guid(cf701a0ec6c53de4e8ea0b043bf82a7d) Importer(815301076,1909f56bfc062723c751e8b465ee728b)  -> (artifact id: '2c77b1bed84c72b27b15b14116b020dc') in 0.004236 seconds
  Import took 0.007709 seconds .

========================================================================
Received Prepare
Registering precompiled user dll's ...
Registered in 0.001665 seconds.
Begin MonoManager ReloadAssembly
Native extension for WindowsStandalone target not found
Native extension for WebGL target not found
Refreshing native plugins compatible for Editor in 0.47 ms, found 1 plugins.
Preloading 0 native plugins for Editor in 0.00 ms.
Invoked RoslynAnalysisRunner static constructor.
RoslynAnalysisRunner will not be running.
RoslynAnalysisRunner has terminated.
Mono: successfully reloaded assembly
- Completed reload, in  1.127 seconds
Platform modules already initialized, skipping
Refreshing native plugins compatible for Editor in 0.47 ms, found 1 plugins.
Preloading 0 native plugins for Editor in 0.00 ms.
Unloading 1782 Unused Serialized files (Serialized files now loaded: 0)
System memory in use before: 87.7 MB.
System memory in use after: 87.8 MB.

Unloading 7 unused Assets to reduce memory usage. Loaded Objects now: 2288.
Total: 2.254454 ms (FindLiveObjects: 0.218241 ms CreateObjectMapping: 0.064241 ms MarkObjects: 1.936849 ms  DeleteObjects: 0.026117 ms)

========================================================================
Received Import Request.
  Time since last request: 125.715683 seconds.
  path: Assets/RoboVer2_model_02_BakeAnimation.fbx
  artifactKey: Guid(5fa2c7864768c864aad37d2acc1c6607) Importer(815301076,1909f56bfc062723c751e8b465ee728b)
Start importing Assets/RoboVer2_model_02_BakeAnimation.fbx using Guid(5fa2c7864768c864aad37d2acc1c6607) Importer(815301076,1909f56bfc062723c751e8b465ee728b)  -> (artifact id: '9ee83ae5b3d00174dc9cd5e60dd12f19') in 0.156270 seconds
  Import took 0.175675 seconds .

========================================================================
Received Import Request.
  Time since last request: 1.103335 seconds.
  path: Assets/RoboVer2_model_02_BakeAnimation.fbx
  artifactKey: Guid(5fa2c7864768c864aad37d2acc1c6607) Importer(815301076,1909f56bfc062723c751e8b465ee728b)
Start importing Assets/RoboVer2_model_02_BakeAnimation.fbx using Guid(5fa2c7864768c864aad37d2acc1c6607) Importer(815301076,1909f56bfc062723c751e8b465ee728b)  -> (artifact id: '04e252e1e106389f6c85d2965e877ffc') in 0.042998 seconds
  Import took 0.046603 seconds .

========================================================================
Received Import Request.
  Time since last request: 22.232805 seconds.
  path: Assets/RoboVer2_model_02_BakeAnimation.fbx
  artifactKey: Guid(5fa2c7864768c864aad37d2acc1c6607) Importer(815301076,1909f56bfc062723c751e8b465ee728b)
Start importing Assets/RoboVer2_model_02_BakeAnimation.fbx using Guid(5fa2c7864768c864aad37d2acc1c6607) Importer(815301076,1909f56bfc062723c751e8b465ee728b)  -> (artifact id: '45bdace7e2f8cb14f98e1ac59e3adc20') in 0.042464 seconds
  Import took 0.058927 seconds .

========================================================================
Received Import Request.
  Time since last request: 29.845174 seconds.
  path: Assets/RoboVer2_model_02_BakeAnimation.fbx
  artifactKey: Guid(5fa2c7864768c864aad37d2acc1c6607) Importer(815301076,1909f56bfc062723c751e8b465ee728b)
Start importing Assets/RoboVer2_model_02_BakeAnimation.fbx using Guid(5fa2c7864768c864aad37d2acc1c6607) Importer(815301076,1909f56bfc062723c751e8b465ee728b)  -> (artifact id: '0f1759e24263dac4bd4146ea58579e29') in 0.069472 seconds
  Import took 0.094069 seconds .

========================================================================
Received Import Request.
  Time since last request: 20.736943 seconds.
  path: Assets/RoboVer2_model_02_BakeAnimation.fbx
  artifactKey: Guid(5fa2c7864768c864aad37d2acc1c6607) Importer(815301076,1909f56bfc062723c751e8b465ee728b)
Start importing Assets/RoboVer2_model_02_BakeAnimation.fbx using Guid(5fa2c7864768c864aad37d2acc1c6607) Importer(815301076,1909f56bfc062723c751e8b465ee728b)  -> (artifact id: '84fb7ca64c8bfeb6a4d9edf34acb1a8d') in 0.038022 seconds
  Import took 0.041650 seconds .

========================================================================
Received Prepare
Registering precompiled user dll's ...
Registered in 0.001520 seconds.
Begin MonoManager ReloadAssembly
Native extension for WindowsStandalone target not found
Native extension for WebGL target not found
Refreshing native plugins compatible for Editor in 0.50 ms, found 1 plugins.
Preloading 0 native plugins for Editor in 0.00 ms.
Invoked RoslynAnalysisRunner static constructor.
RoslynAnalysisRunner will not be running.
RoslynAnalysisRunner has terminated.
Mono: successfully reloaded assembly
- Completed reload, in  1.120 seconds
Platform modules already initialized, skipping
Refreshing native plugins compatible for Editor in 0.50 ms, found 1 plugins.
Preloading 0 native plugins for Editor in 0.00 ms.
Unloading 1782 Unused Serialized files (Serialized files now loaded: 0)
System memory in use before: 87.9 MB.
System memory in use after: 88.0 MB.

Unloading 7 unused Assets to reduce memory usage. Loaded Objects now: 2292.
Total: 2.131675 ms (FindLiveObjects: 0.188522 ms CreateObjectMapping: 0.067243 ms MarkObjects: 1.850694 ms  DeleteObjects: 0.023415 ms)

========================================================================
Received Prepare
Registering precompiled user dll's ...
Registered in 0.001428 seconds.
Begin MonoManager ReloadAssembly
Native extension for WindowsStandalone target not found
Native extension for WebGL target not found
Refreshing native plugins compatible for Editor in 0.62 ms, found 1 plugins.
Preloading 0 native plugins for Editor in 0.00 ms.
Invoked RoslynAnalysisRunner static constructor.
RoslynAnalysisRunner will not be running.
RoslynAnalysisRunner has terminated.
Mono: successfully reloaded assembly
- Completed reload, in  1.144 seconds
Platform modules already initialized, skipping
Refreshing native plugins compatible for Editor in 0.50 ms, found 1 plugins.
Preloading 0 native plugins for Editor in 0.00 ms.
Unloading 1782 Unused Serialized files (Serialized files now loaded: 0)
System memory in use before: 88.0 MB.
System memory in use after: 88.1 MB.

Unloading 7 unused Assets to reduce memory usage. Loaded Objects now: 2295.
Total: 2.403050 ms (FindLiveObjects: 0.184919 ms CreateObjectMapping: 0.066943 ms MarkObjects: 2.124771 ms  DeleteObjects: 0.024916 ms)

========================================================================
Received Prepare
Registering precompiled user dll's ...
Registered in 0.001659 seconds.
Begin MonoManager ReloadAssembly
Native extension for WindowsStandalone target not found
Native extension for WebGL target not found
Refreshing native plugins compatible for Editor in 0.47 ms, found 1 plugins.
Preloading 0 native plugins for Editor in 0.00 ms.
Invoked RoslynAnalysisRunner static constructor.
RoslynAnalysisRunner will not be running.
RoslynAnalysisRunner has terminated.
Mono: successfully reloaded assembly
- Completed reload, in  1.236 seconds
Platform modules already initialized, skipping
Refreshing native plugins compatible for Editor in 0.46 ms, found 1 plugins.
Preloading 0 native plugins for Editor in 0.00 ms.
Unloading 1782 Unused Serialized files (Serialized files now loaded: 0)
System memory in use before: 88.2 MB.
System memory in use after: 88.3 MB.

Unloading 7 unused Assets to reduce memory usage. Loaded Objects now: 2298.
Total: 2.077340 ms (FindLiveObjects: 0.186120 ms CreateObjectMapping: 0.068444 ms MarkObjects: 1.801762 ms  DeleteObjects: 0.018612 ms)

========================================================================
Received Prepare
Registering precompiled user dll's ...
Registered in 0.001511 seconds.
Begin MonoManager ReloadAssembly
Native extension for WindowsStandalone target not found
Native extension for WebGL target not found
Refreshing native plugins compatible for Editor in 0.47 ms, found 1 plugins.
Preloading 0 native plugins for Editor in 0.00 ms.
Invoked RoslynAnalysisRunner static constructor.
RoslynAnalysisRunner will not be running.
RoslynAnalysisRunner has terminated.
Mono: successfully reloaded assembly
- Completed reload, in  1.134 seconds
Platform modules already initialized, skipping
Refreshing native plugins compatible for Editor in 0.48 ms, found 1 plugins.
Preloading 0 native plugins for Editor in 0.00 ms.
Unloading 1782 Unused Serialized files (Serialized files now loaded: 0)
System memory in use before: 88.3 MB.
System memory in use after: 88.4 MB.

Unloading 7 unused Assets to reduce memory usage. Loaded Objects now: 2301.
Total: 2.282973 ms (FindLiveObjects: 0.196026 ms CreateObjectMapping: 0.066043 ms MarkObjects: 1.997789 ms  DeleteObjects: 0.021014 ms)

========================================================================
Received Prepare
Registering precompiled user dll's ...
Registered in 0.001536 seconds.
Begin MonoManager ReloadAssembly
Native extension for WindowsStandalone target not found
Native extension for WebGL target not found
Refreshing native plugins compatible for Editor in 0.48 ms, found 1 plugins.
Preloading 0 native plugins for Editor in 0.00 ms.
Invoked RoslynAnalysisRunner static constructor.
RoslynAnalysisRunner will not be running.
RoslynAnalysisRunner has terminated.
Mono: successfully reloaded assembly
- Completed reload, in  1.137 seconds
Platform modules already initialized, skipping
Refreshing native plugins compatible for Editor in 0.46 ms, found 1 plugins.
Preloading 0 native plugins for Editor in 0.00 ms.
Unloading 1782 Unused Serialized files (Serialized files now loaded: 0)
System memory in use before: 88.4 MB.
System memory in use after: 88.5 MB.

Unloading 7 unused Assets to reduce memory usage. Loaded Objects now: 2304.
Total: 2.095652 ms (FindLiveObjects: 0.196327 ms CreateObjectMapping: 0.065742 ms MarkObjects: 1.815871 ms  DeleteObjects: 0.016511 ms)

========================================================================
Received Prepare
Registering precompiled user dll's ...
Registered in 0.001587 seconds.
Begin MonoManager ReloadAssembly
Native extension for WindowsStandalone target not found
Native extension for WebGL target not found
Refreshing native plugins compatible for Editor in 0.48 ms, found 1 plugins.
Preloading 0 native plugins for Editor in 0.00 ms.
Invoked RoslynAnalysisRunner static constructor.
RoslynAnalysisRunner will not be running.
RoslynAnalysisRunner has terminated.
Mono: successfully reloaded assembly
- Completed reload, in  1.109 seconds
Platform modules already initialized, skipping
Refreshing native plugins compatible for Editor in 0.47 ms, found 1 plugins.
Preloading 0 native plugins for Editor in 0.00 ms.
Unloading 1782 Unused Serialized files (Serialized files now loaded: 0)
System memory in use before: 88.6 MB.
System memory in use after: 88.7 MB.

Unloading 7 unused Assets to reduce memory usage. Loaded Objects now: 2307.
Total: 2.201320 ms (FindLiveObjects: 0.291188 ms CreateObjectMapping: 0.088257 ms MarkObjects: 1.795758 ms  DeleteObjects: 0.024616 ms)

========================================================================
Received Import Request.
  Time since last request: 685.288562 seconds.
  path: Assets/Robo_Animator.controller
  artifactKey: Guid(cf701a0ec6c53de4e8ea0b043bf82a7d) Importer(815301076,1909f56bfc062723c751e8b465ee728b)
Start importing Assets/Robo_Animator.controller using Guid(cf701a0ec6c53de4e8ea0b043bf82a7d) Importer(815301076,1909f56bfc062723c751e8b465ee728b)  -> (artifact id: 'd51c7762bea7f7e58a0d7c7c9fb28ef9') in 0.023062 seconds
  Import took 0.044282 seconds .

========================================================================
Received Prepare
Registering precompiled user dll's ...
Registered in 0.001541 seconds.
Begin MonoManager ReloadAssembly
Native extension for WindowsStandalone target not found
Native extension for WebGL target not found
Refreshing native plugins compatible for Editor in 0.48 ms, found 1 plugins.
Preloading 0 native plugins for Editor in 0.00 ms.
Invoked RoslynAnalysisRunner static constructor.
RoslynAnalysisRunner will not be running.
RoslynAnalysisRunner has terminated.
Mono: successfully reloaded assembly
- Completed reload, in  1.139 seconds
Platform modules already initialized, skipping
Refreshing native plugins compatible for Editor in 0.47 ms, found 1 plugins.
Preloading 0 native plugins for Editor in 0.00 ms.
Unloading 1782 Unused Serialized files (Serialized files now loaded: 0)
System memory in use before: 88.7 MB.
System memory in use after: 88.9 MB.

Unloading 7 unused Assets to reduce memory usage. Loaded Objects now: 2310.
Total: 2.162595 ms (FindLiveObjects: 0.192724 ms CreateObjectMapping: 0.069045 ms MarkObjects: 1.877711 ms  DeleteObjects: 0.021614 ms)

========================================================================
Received Import Request.
  Time since last request: 159.643363 seconds.
  path: Assets/Prefabs
  artifactKey: Guid(dfd1f725f56467340a90c0b83307d9e6) Importer(815301076,1909f56bfc062723c751e8b465ee728b)
Start importing Assets/Prefabs using Guid(dfd1f725f56467340a90c0b83307d9e6) Importer(815301076,1909f56bfc062723c751e8b465ee728b)  -> (artifact id: '80ca542b2526f0b232ff73bbba023179') in 0.005562 seconds
  Import took 0.009023 seconds .

========================================================================
Received Import Request.
  Time since last request: 14.948375 seconds.
  path: Assets/Prefabs/RoboVer2_model_02_BakeAnimation (1).prefab
  artifactKey: Guid(c041320e8b46fd04eb146acb6b2d1de5) Importer(815301076,1909f56bfc062723c751e8b465ee728b)
Start importing Assets/Prefabs/RoboVer2_model_02_BakeAnimation (1).prefab using Guid(c041320e8b46fd04eb146acb6b2d1de5) Importer(815301076,1909f56bfc062723c751e8b465ee728b)  -> (artifact id: '175de7770e8f0ba32bbfe88f0e6a0ae9') in 0.088466 seconds
  Import took 0.105612 seconds .

========================================================================
Received Prepare
Registering precompiled user dll's ...
Registered in 0.001499 seconds.
Begin MonoManager ReloadAssembly
Native extension for WindowsStandalone target not found
Native extension for WebGL target not found
Refreshing native plugins compatible for Editor in 0.51 ms, found 1 plugins.
Preloading 0 native plugins for Editor in 0.00 ms.
Invoked RoslynAnalysisRunner static constructor.
RoslynAnalysisRunner will not be running.
RoslynAnalysisRunner has terminated.
Mono: successfully reloaded assembly
- Completed reload, in  1.128 seconds
Platform modules already initialized, skipping
Refreshing native plugins compatible for Editor in 0.46 ms, found 1 plugins.
Preloading 0 native plugins for Editor in 0.00 ms.
Unloading 1782 Unused Serialized files (Serialized files now loaded: 0)
System memory in use before: 88.9 MB.
System memory in use after: 89.0 MB.

Unloading 7 unused Assets to reduce memory usage. Loaded Objects now: 2314.
Total: 2.555549 ms (FindLiveObjects: 0.365936 ms CreateObjectMapping: 0.089458 ms MarkObjects: 2.068034 ms  DeleteObjects: 0.030019 ms)

========================================================================
Received Prepare
Registering precompiled user dll's ...
Registered in 0.001551 seconds.
Begin MonoManager ReloadAssembly
Native extension for WindowsStandalone target not found
Native extension for WebGL target not found
Refreshing native plugins compatible for Editor in 0.43 ms, found 1 plugins.
Preloading 0 native plugins for Editor in 0.00 ms.
Invoked RoslynAnalysisRunner static constructor.
RoslynAnalysisRunner will not be running.
RoslynAnalysisRunner has terminated.
Mono: successfully reloaded assembly
- Completed reload, in  1.109 seconds
Platform modules already initialized, skipping
Refreshing native plugins compatible for Editor in 0.50 ms, found 1 plugins.
Preloading 0 native plugins for Editor in 0.00 ms.
Unloading 1782 Unused Serialized files (Serialized files now loaded: 0)
System memory in use before: 89.1 MB.
System memory in use after: 89.2 MB.

Unloading 7 unused Assets to reduce memory usage. Loaded Objects now: 2317.
Total: 2.058728 ms (FindLiveObjects: 0.193625 ms CreateObjectMapping: 0.067243 ms MarkObjects: 1.778347 ms  DeleteObjects: 0.018012 ms)

========================================================================
Received Prepare
Registering precompiled user dll's ...
Registered in 0.001559 seconds.
Begin MonoManager ReloadAssembly
Native extension for WindowsStandalone target not found
Native extension for WebGL target not found
Refreshing native plugins compatible for Editor in 0.47 ms, found 1 plugins.
Preloading 0 native plugins for Editor in 0.00 ms.
Invoked RoslynAnalysisRunner static constructor.
RoslynAnalysisRunner will not be running.
RoslynAnalysisRunner has terminated.
Mono: successfully reloaded assembly
- Completed reload, in  1.115 seconds
Platform modules already initialized, skipping
Refreshing native plugins compatible for Editor in 0.49 ms, found 1 plugins.
Preloading 0 native plugins for Editor in 0.00 ms.
Unloading 1782 Unused Serialized files (Serialized files now loaded: 0)
System memory in use before: 89.2 MB.
System memory in use after: 89.3 MB.

Unloading 7 unused Assets to reduce memory usage. Loaded Objects now: 2320.
Total: 2.199819 ms (FindLiveObjects: 0.195126 ms CreateObjectMapping: 0.069945 ms MarkObjects: 1.911933 ms  DeleteObjects: 0.021014 ms)

========================================================================
Received Prepare
Registering precompiled user dll's ...
Registered in 0.001606 seconds.
Begin MonoManager ReloadAssembly
Native extension for WindowsStandalone target not found
Native extension for WebGL target not found
Refreshing native plugins compatible for Editor in 0.47 ms, found 1 plugins.
Preloading 0 native plugins for Editor in 0.00 ms.
Invoked RoslynAnalysisRunner static constructor.
RoslynAnalysisRunner will not be running.
RoslynAnalysisRunner has terminated.
Mono: successfully reloaded assembly
- Completed reload, in  1.123 seconds
Platform modules already initialized, skipping
Refreshing native plugins compatible for Editor in 0.49 ms, found 1 plugins.
Preloading 0 native plugins for Editor in 0.00 ms.
Unloading 1782 Unused Serialized files (Serialized files now loaded: 0)
System memory in use before: 89.3 MB.
System memory in use after: 89.4 MB.

Unloading 7 unused Assets to reduce memory usage. Loaded Objects now: 2323.
Total: 2.118467 ms (FindLiveObjects: 0.199028 ms CreateObjectMapping: 0.068144 ms MarkObjects: 1.830581 ms  DeleteObjects: 0.019212 ms)

========================================================================
Received Prepare
Registering precompiled user dll's ...
Registered in 0.001544 seconds.
Begin MonoManager ReloadAssembly
Native extension for WindowsStandalone target not found
Native extension for WebGL target not found
Refreshing native plugins compatible for Editor in 0.49 ms, found 1 plugins.
Preloading 0 native plugins for Editor in 0.00 ms.
Invoked RoslynAnalysisRunner static constructor.
RoslynAnalysisRunner will not be running.
RoslynAnalysisRunner has terminated.
Mono: successfully reloaded assembly
- Completed reload, in  1.106 seconds
Platform modules already initialized, skipping
Refreshing native plugins compatible for Editor in 0.48 ms, found 1 plugins.
Preloading 0 native plugins for Editor in 0.00 ms.
Unloading 1782 Unused Serialized files (Serialized files now loaded: 0)
System memory in use before: 89.4 MB.
System memory in use after: 89.6 MB.

Unloading 7 unused Assets to reduce memory usage. Loaded Objects now: 2326.
Total: 2.072537 ms (FindLiveObjects: 0.191824 ms CreateObjectMapping: 0.066943 ms MarkObjects: 1.793357 ms  DeleteObjects: 0.018612 ms)

========================================================================
Received Prepare
Registering precompiled user dll's ...
Registered in 0.001596 seconds.
Begin MonoManager ReloadAssembly
Native extension for WindowsStandalone target not found
Native extension for WebGL target not found
Refreshing native plugins compatible for Editor in 0.52 ms, found 1 plugins.
Preloading 0 native plugins for Editor in 0.00 ms.
Invoked RoslynAnalysisRunner static constructor.
RoslynAnalysisRunner will not be running.
RoslynAnalysisRunner has terminated.
Mono: successfully reloaded assembly
- Completed reload, in  1.123 seconds
Platform modules already initialized, skipping
Refreshing native plugins compatible for Editor in 0.47 ms, found 1 plugins.
Preloading 0 native plugins for Editor in 0.00 ms.
Unloading 1782 Unused Serialized files (Serialized files now loaded: 0)
System memory in use before: 88.6 MB.
System memory in use after: 88.7 MB.

Unloading 7 unused Assets to reduce memory usage. Loaded Objects now: 2329.
Total: 2.238244 ms (FindLiveObjects: 0.199929 ms CreateObjectMapping: 0.069345 ms MarkObjects: 1.944955 ms  DeleteObjects: 0.022214 ms)

========================================================================
Received Prepare
Registering precompiled user dll's ...
Registered in 0.001532 seconds.
Begin MonoManager ReloadAssembly
Native extension for WindowsStandalone target not found
Native extension for WebGL target not found
Refreshing native plugins compatible for Editor in 0.48 ms, found 1 plugins.
Preloading 0 native plugins for Editor in 0.00 ms.
Invoked RoslynAnalysisRunner static constructor.
RoslynAnalysisRunner will not be running.
RoslynAnalysisRunner has terminated.
Mono: successfully reloaded assembly
- Completed reload, in  1.098 seconds
Platform modules already initialized, skipping
Refreshing native plugins compatible for Editor in 0.46 ms, found 1 plugins.
Preloading 0 native plugins for Editor in 0.00 ms.
Unloading 1782 Unused Serialized files (Serialized files now loaded: 0)
System memory in use before: 88.8 MB.
System memory in use after: 88.9 MB.

Unloading 7 unused Assets to reduce memory usage. Loaded Objects now: 2332.
Total: 2.070135 ms (FindLiveObjects: 0.185520 ms CreateObjectMapping: 0.066943 ms MarkObjects: 1.798460 ms  DeleteObjects: 0.017711 ms)

========================================================================
Received Prepare
Registering precompiled user dll's ...
Registered in 0.001543 seconds.
Begin MonoManager ReloadAssembly
Native extension for WindowsStandalone target not found
Native extension for WebGL target not found
Refreshing native plugins compatible for Editor in 0.55 ms, found 1 plugins.
Preloading 0 native plugins for Editor in 0.00 ms.
Invoked RoslynAnalysisRunner static constructor.
RoslynAnalysisRunner will not be running.
RoslynAnalysisRunner has terminated.
Mono: successfully reloaded assembly
- Completed reload, in  1.096 seconds
Platform modules already initialized, skipping
Refreshing native plugins compatible for Editor in 0.49 ms, found 1 plugins.
Preloading 0 native plugins for Editor in 0.00 ms.
Unloading 1782 Unused Serialized files (Serialized files now loaded: 0)
System memory in use before: 88.9 MB.
System memory in use after: 89.0 MB.

Unloading 7 unused Assets to reduce memory usage. Loaded Objects now: 2335.
Total: 2.085746 ms (FindLiveObjects: 0.191524 ms CreateObjectMapping: 0.068144 ms MarkObjects: 1.807166 ms  DeleteObjects: 0.017711 ms)

========================================================================
Received Prepare
Registering precompiled user dll's ...
Registered in 0.001490 seconds.
Begin MonoManager ReloadAssembly
Native extension for WindowsStandalone target not found
Native extension for WebGL target not found
Refreshing native plugins compatible for Editor in 0.56 ms, found 1 plugins.
Preloading 0 native plugins for Editor in 0.00 ms.
Invoked RoslynAnalysisRunner static constructor.
RoslynAnalysisRunner will not be running.
RoslynAnalysisRunner has terminated.
Mono: successfully reloaded assembly
- Completed reload, in  1.087 seconds
Platform modules already initialized, skipping
Refreshing native plugins compatible for Editor in 0.49 ms, found 1 plugins.
Preloading 0 native plugins for Editor in 0.00 ms.
Unloading 1782 Unused Serialized files (Serialized files now loaded: 0)
System memory in use before: 89.0 MB.
System memory in use after: 89.2 MB.

Unloading 7 unused Assets to reduce memory usage. Loaded Objects now: 2338.
Total: 2.301585 ms (FindLiveObjects: 0.193025 ms CreateObjectMapping: 0.067243 ms MarkObjects: 2.016101 ms  DeleteObjects: 0.022815 ms)

========================================================================
Received Prepare
Registering precompiled user dll's ...
Registered in 0.001494 seconds.
Begin MonoManager ReloadAssembly
Native extension for WindowsStandalone target not found
Native extension for WebGL target not found
Refreshing native plugins compatible for Editor in 0.47 ms, found 1 plugins.
Preloading 0 native plugins for Editor in 0.00 ms.
Invoked RoslynAnalysisRunner static constructor.
RoslynAnalysisRunner will not be running.
RoslynAnalysisRunner has terminated.
Mono: successfully reloaded assembly
- Completed reload, in  1.105 seconds
Platform modules already initialized, skipping
Refreshing native plugins compatible for Editor in 0.51 ms, found 1 plugins.
Preloading 0 native plugins for Editor in 0.00 ms.
Unloading 1782 Unused Serialized files (Serialized files now loaded: 0)
System memory in use before: 89.2 MB.
System memory in use after: 89.3 MB.

Unloading 7 unused Assets to reduce memory usage. Loaded Objects now: 2341.
Total: 2.388341 ms (FindLiveObjects: 0.197227 ms CreateObjectMapping: 0.067243 ms MarkObjects: 2.100455 ms  DeleteObjects: 0.021914 ms)

========================================================================
Received Prepare
Registering precompiled user dll's ...
Registered in 0.001524 seconds.
Begin MonoManager ReloadAssembly
Native extension for WindowsStandalone target not found
Native extension for WebGL target not found
Refreshing native plugins compatible for Editor in 0.47 ms, found 1 plugins.
Preloading 0 native plugins for Editor in 0.00 ms.
Invoked RoslynAnalysisRunner static constructor.
RoslynAnalysisRunner will not be running.
RoslynAnalysisRunner has terminated.
Mono: successfully reloaded assembly
- Completed reload, in  1.107 seconds
Platform modules already initialized, skipping
Refreshing native plugins compatible for Editor in 0.49 ms, found 1 plugins.
Preloading 0 native plugins for Editor in 0.00 ms.
Unloading 1782 Unused Serialized files (Serialized files now loaded: 0)
System memory in use before: 89.3 MB.
System memory in use after: 89.4 MB.

Unloading 7 unused Assets to reduce memory usage. Loaded Objects now: 2344.
Total: 2.262560 ms (FindLiveObjects: 0.342521 ms CreateObjectMapping: 0.073547 ms MarkObjects: 1.825478 ms  DeleteObjects: 0.018612 ms)

========================================================================
Received Prepare
Registering precompiled user dll's ...
Registered in 0.001539 seconds.
Begin MonoManager ReloadAssembly
Native extension for WindowsStandalone target not found
Native extension for WebGL target not found
Refreshing native plugins compatible for Editor in 0.47 ms, found 1 plugins.
Preloading 0 native plugins for Editor in 0.00 ms.
Invoked RoslynAnalysisRunner static constructor.
RoslynAnalysisRunner will not be running.
RoslynAnalysisRunner has terminated.
Mono: successfully reloaded assembly
- Completed reload, in  1.093 seconds
Platform modules already initialized, skipping
Refreshing native plugins compatible for Editor in 0.48 ms, found 1 plugins.
Preloading 0 native plugins for Editor in 0.00 ms.
Unloading 1782 Unused Serialized files (Serialized files now loaded: 0)
System memory in use before: 89.5 MB.
System memory in use after: 89.6 MB.

Unloading 7 unused Assets to reduce memory usage. Loaded Objects now: 2347.
Total: 2.159893 ms (FindLiveObjects: 0.224845 ms CreateObjectMapping: 0.066043 ms MarkObjects: 1.849493 ms  DeleteObjects: 0.018012 ms)

========================================================================
Received Import Request.
  Time since last request: 921.044053 seconds.
  path: Assets/Scripts
  artifactKey: Guid(26561af5cd0bf984aa62fbe5577ebe65) Importer(815301076,1909f56bfc062723c751e8b465ee728b)
Start importing Assets/Scripts using Guid(26561af5cd0bf984aa62fbe5577ebe65) Importer(815301076,1909f56bfc062723c751e8b465ee728b)  -> (artifact id: '026430a8c5d1bdcf5d072df04960277e') in 0.005742 seconds
  Import took 0.009123 seconds .

========================================================================
Received Import Request.
  Time since last request: 38.190635 seconds.
  path: Assets/Scripts/RoboTakeDamage.cs
  artifactKey: Guid(8339ef0b052114b4ca83e6e8339f06fe) Importer(815301076,1909f56bfc062723c751e8b465ee728b)
Start importing Assets/Scripts/RoboTakeDamage.cs using Guid(8339ef0b052114b4ca83e6e8339f06fe) Importer(815301076,1909f56bfc062723c751e8b465ee728b)  -> (artifact id: 'de521c5f66a781e4ce8d0726a6fa7e80') in 0.029952 seconds
  Import took 0.053114 seconds .

========================================================================
Received Prepare
Registering precompiled user dll's ...
Registered in 0.001448 seconds.
Begin MonoManager ReloadAssembly
Native extension for WindowsStandalone target not found
Native extension for WebGL target not found
Refreshing native plugins compatible for Editor in 0.62 ms, found 1 plugins.
Preloading 0 native plugins for Editor in 0.00 ms.
Invoked RoslynAnalysisRunner static constructor.
RoslynAnalysisRunner will not be running.
RoslynAnalysisRunner has terminated.
Mono: successfully reloaded assembly
- Completed reload, in  1.101 seconds
Platform modules already initialized, skipping
Refreshing native plugins compatible for Editor in 0.62 ms, found 1 plugins.
Preloading 0 native plugins for Editor in 0.00 ms.
Unloading 1783 Unused Serialized files (Serialized files now loaded: 0)
System memory in use before: 89.5 MB.
System memory in use after: 89.6 MB.

Unloading 7 unused Assets to reduce memory usage. Loaded Objects now: 2351.
Total: 2.111862 ms (FindLiveObjects: 0.198128 ms CreateObjectMapping: 0.069045 ms MarkObjects: 1.826378 ms  DeleteObjects: 0.016210 ms)

========================================================================
Received Import Request.
  Time since last request: 142.830925 seconds.
  path: Assets/Scripts/RoboTakeDamage.cs
  artifactKey: Guid(8339ef0b052114b4ca83e6e8339f06fe) Importer(815301076,1909f56bfc062723c751e8b465ee728b)
Start importing Assets/Scripts/RoboTakeDamage.cs using Guid(8339ef0b052114b4ca83e6e8339f06fe) Importer(815301076,1909f56bfc062723c751e8b465ee728b)  -> (artifact id: '79bb287dfaba655bf543516a987fd1de') in 0.018699 seconds
  Import took 0.023315 seconds .

========================================================================
Received Import Request.
  Time since last request: 0.002905 seconds.
  path: Assets/Scripts/RoboTakeDamage.cs
  artifactKey: Guid(8339ef0b052114b4ca83e6e8339f06fe) Importer(815301076,1909f56bfc062723c751e8b465ee728b)
Start importing Assets/Scripts/RoboTakeDamage.cs using Guid(8339ef0b052114b4ca83e6e8339f06fe) Importer(815301076,1909f56bfc062723c751e8b465ee728b)  -> (artifact id: '79bb287dfaba655bf543516a987fd1de') in 0.003586 seconds
  Import took 0.007511 seconds .

========================================================================
Received Import Request.
  Time since last request: 4.878949 seconds.
  path: Assets/Scripts/RoboTakeDamageAnimation.cs
  artifactKey: Guid(8339ef0b052114b4ca83e6e8339f06fe) Importer(815301076,1909f56bfc062723c751e8b465ee728b)
Start importing Assets/Scripts/RoboTakeDamageAnimation.cs using Guid(8339ef0b052114b4ca83e6e8339f06fe) Importer(815301076,1909f56bfc062723c751e8b465ee728b)  -> (artifact id: 'cabf1b5ab827b2b321b0c4311faad904') in 0.003813 seconds
  Import took 0.007308 seconds .

========================================================================
Received Prepare
Registering precompiled user dll's ...
Registered in 0.001518 seconds.
Begin MonoManager ReloadAssembly
Native extension for WindowsStandalone target not found
Native extension for WebGL target not found
Refreshing native plugins compatible for Editor in 0.47 ms, found 1 plugins.
Preloading 0 native plugins for Editor in 0.00 ms.
Invoked RoslynAnalysisRunner static constructor.
RoslynAnalysisRunner will not be running.
RoslynAnalysisRunner has terminated.
Mono: successfully reloaded assembly
- Completed reload, in  1.106 seconds
Platform modules already initialized, skipping
Refreshing native plugins compatible for Editor in 0.46 ms, found 1 plugins.
Preloading 0 native plugins for Editor in 0.00 ms.
Unloading 1783 Unused Serialized files (Serialized files now loaded: 0)
System memory in use before: 88.8 MB.
System memory in use after: 88.9 MB.

Unloading 7 unused Assets to reduce memory usage. Loaded Objects now: 2354.
Total: 2.213328 ms (FindLiveObjects: 0.201730 ms CreateObjectMapping: 0.065742 ms MarkObjects: 1.908931 ms  DeleteObjects: 0.035423 ms)

AssetImportWorkerClient::OnTransportError - code=2 error=End of file
